@thumb
@org $80FD000













push {r5,r14}          
                      
ldr r5,[r13, 0x08]     
mov r14,r5            
ldr r5,[r13, 0x04]     
str r5,[r13, 0x08]     
pop {r5}              
add r13, 0x04          


add r1,r1,r3
ldrb r0,[r1]


push {r5,r6,r7}
ldr r5,= 0x30051D4
ldr r5,[r5]
mov r6,0x90
lsl r6,r6,6
add r5,r5,r6
ldrh r5,[r5]
mov r6,1
and r5,r6
cmp r5,1
bne EVEN_POS

ldrb r5,[r4]
mov r6,0xF
and r5,r6
lsl r6,r0,4
orr r5,r6
mov r6,0xFF
and r5,r6
strb r5,[r4]

mov r7,r4
mov r6,3
and r7,r6
cmp r7,3
bne OLD_ADDR
mov r7,r4
add r7,0x1C
b OK_ADDR

OLD_ADDR 
mov r7,r4

OK_ADDR 
ldrb r5,[r7,1]
mov r6,0xF0
and r5,r6
lsr r6,r0,4
orr r5,r6
strb r5,[r7,1]
b END

EVEN_POS 
strb r0,[r4]

END 
pop {r5,r6,r7}
pop {r15}
@ltorg